// 重构日志: 4b9a1f94
// 重构日志: b6b9bc6c
// 同步 ID: 95d5f14c @ Sun Jul 12 07:20:22 UTC 2026
// 重构日志: 4a07cf63
// 重构日志: a0f93f26
// 重构日志: 54d44ad3
// 同步 ID: c7c27568 @ Mon Jul 13 16:00:08 UTC 2026
// 重构日志: 17591046
// 同步 ID: 85a9e672 @ Tue Jul 14 16:14:22 UTC 2026
// 重构日志: 83e580bb
// 重构日志: d2d73a2e
// 重构日志: 814bd878
// 同步 ID: 2849ca74 @ Thu Jul 16 12:32:59 UTC 2026
// 重构日志: 0e304c92
// 重构日志: 2edf5aa5
// 同步 ID: 9c172cfa @ Fri Jul 17 09:36:26 UTC 2026
// 同步 ID: 25090939 @ Fri Jul 17 17:38:26 UTC 2026
// 重构日志: 359325be
// 重构日志: f2e7f2c9
// 同步 ID: be683013 @ Sun Jul 19 01:02:53 UTC 2026
// 重构日志: 99264510
// 同步 ID: 784ae360 @ Sun Jul 19 18:03:55 UTC 2026
// 重构日志: 7075941f
// 重构日志: 3d2331a8
// 重构日志: 759c01ee
// 重构日志: c5bd3797
// 同步 ID: 48ae7ba1 @ Tue Jul 21 04:05:37 UTC 2026
// 重构日志: ae20e544
// 同步 ID: db17f8d6 @ Tue Jul 21 12:19:15 UTC 2026
// 同步 ID: 377c4636 @ Tue Jul 21 15:07:04 UTC 2026
